<?xml version="1.0" encoding="UTF-8"?>
<coverage generated="1568039685482" clover="3.2.0">
  <project timestamp="1568039685482" name="All files">
    <metrics statements="12" coveredstatements="12" conditionals="8" coveredconditionals="8" methods="4" coveredmethods="4" elements="24" coveredelements="24" complexity="0" loc="12" ncloc="12" packages="1" files="2" classes="2"/>
    <file name="map-recursive.js" path="C:\Users\emerson.santana\Documents\React\tdd-react\src\map\map-recursive.js">
      <metrics statements="4" coveredstatements="4" conditionals="4" coveredconditionals="4" methods="3" coveredmethods="3"/>
      <line num="1" count="1" type="cond" truecount="2" falsecount="0"/>
      <line num="2" count="8" type="stmt"/>
      <line num="3" count="21" type="stmt"/>
      <line num="4" count="21" type="cond" truecount="2" falsecount="0"/>
    </file>
    <file name="map.js" path="C:\Users\emerson.santana\Documents\React\tdd-react\src\map\map.js">
      <metrics statements="8" coveredstatements="8" conditionals="4" coveredconditionals="4" methods="1" coveredmethods="1"/>
      <line num="2" count="8" type="cond" truecount="2" falsecount="0"/>
      <line num="3" count="1" type="stmt"/>
      <line num="5" count="7" type="cond" truecount="2" falsecount="0"/>
      <line num="6" count="1" type="stmt"/>
      <line num="8" count="6" type="stmt"/>
      <line num="9" count="6" type="stmt"/>
      <line num="10" count="12" type="stmt"/>
      <line num="13" count="6" type="stmt"/>
    </file>
  </project>
</coverage>
