{"C:\\Users\\emerson.santana\\Documents\\React\\tdd-react\\src\\map\\map-recursive.js": {"path":"C:\\Users\\emerson.santana\\Documents\\React\\tdd-react\\src\\map\\map-recursive.js","statementMap":{"0":{"start":{"line":1,"column":12},"end":{"line":9,"column":1}},"1":{"start":{"line":1,"column":40},"end":{"line":1,"column":44}},"2":{"start":{"line":2,"column":4},"end":{"line":8,"column":15}},"3":{"start":{"line":3,"column":32},"end":{"line":3,"column":43}},"4":{"start":{"line":4,"column":8},"end":{"line":6,"column":71}}},"fnMap":{"0":{"name":"(anonymous_0)","decl":{"start":{"line":1,"column":12},"end":{"line":1,"column":13}},"loc":{"start":{"line":1,"column":49},"end":{"line":9,"column":1}},"line":1},"1":{"name":"(anonymous_1)","decl":{"start":{"line":1,"column":30},"end":{"line":1,"column":31}},"loc":{"start":{"line":1,"column":40},"end":{"line":1,"column":44}},"line":1},"2":{"name":"mapInternal","decl":{"start":{"line":2,"column":21},"end":{"line":2,"column":32}},"loc":{"start":{"line":2,"column":55},"end":{"line":8,"column":5}},"line":2}},"branchMap":{"0":{"loc":{"start":{"line":1,"column":13},"end":{"line":1,"column":21}},"type":"default-arg","locations":[{"start":{"line":1,"column":19},"end":{"line":1,"column":21}}],"line":1},"1":{"loc":{"start":{"line":1,"column":23},"end":{"line":1,"column":44}},"type":"default-arg","locations":[{"start":{"line":1,"column":30},"end":{"line":1,"column":44}}],"line":1},"2":{"loc":{"start":{"line":4,"column":15},"end":{"line":6,"column":71}},"type":"cond-expr","locations":[{"start":{"line":5,"column":10},"end":{"line":5,"column":12}},{"start":{"line":6,"column":10},"end":{"line":6,"column":71}}],"line":4}},"s":{"0":1,"1":1,"2":8,"3":21,"4":21},"f":{"0":8,"1":1,"2":21},"b":{"0":[1],"1":[2],"2":[8,13]},"_coverageSchema":"43e27e138ebf9cfc5966b082cf9a028302ed4184","hash":"ff96cffa7e59f2c97735a280ecf6556e6f6f4a1c"}
,"C:\\Users\\emerson.santana\\Documents\\React\\tdd-react\\src\\map\\map.js": {"path":"C:\\Users\\emerson.santana\\Documents\\React\\tdd-react\\src\\map\\map.js","statementMap":{"0":{"start":{"line":2,"column":4},"end":{"line":3,"column":51}},"1":{"start":{"line":3,"column":8},"end":{"line":3,"column":51}},"2":{"start":{"line":5,"column":4},"end":{"line":6,"column":54}},"3":{"start":{"line":6,"column":8},"end":{"line":6,"column":54}},"4":{"start":{"line":8,"column":17},"end":{"line":8,"column":19}},"5":{"start":{"line":9,"column":4},"end":{"line":11,"column":5}},"6":{"start":{"line":9,"column":17},"end":{"line":9,"column":18}},"7":{"start":{"line":10,"column":8},"end":{"line":10,"column":42}},"8":{"start":{"line":13,"column":4},"end":{"line":13,"column":17}}},"fnMap":{"0":{"name":"(anonymous_0)","decl":{"start":{"line":1,"column":15},"end":{"line":1,"column":16}},"loc":{"start":{"line":1,"column":31},"end":{"line":14,"column":1}},"line":1}},"branchMap":{"0":{"loc":{"start":{"line":2,"column":4},"end":{"line":3,"column":51}},"type":"if","locations":[{"start":{"line":2,"column":4},"end":{"line":3,"column":51}},{"start":{"line":2,"column":4},"end":{"line":3,"column":51}}],"line":2},"1":{"loc":{"start":{"line":5,"column":4},"end":{"line":6,"column":54}},"type":"if","locations":[{"start":{"line":5,"column":4},"end":{"line":6,"column":54}},{"start":{"line":5,"column":4},"end":{"line":6,"column":54}}],"line":5}},"s":{"0":8,"1":1,"2":7,"3":1,"4":6,"5":6,"6":6,"7":12,"8":6},"f":{"0":8},"b":{"0":[1,7],"1":[1,6]},"_coverageSchema":"43e27e138ebf9cfc5966b082cf9a028302ed4184","hash":"89914563d144ab5be00e9e005a924ceb920b5ae9"}
}
