{"C:\\Users\\emerson.santana\\Documents\\React\\tdd-react\\src\\reverse\\reverse.js": {"path":"C:\\Users\\emerson.santana\\Documents\\React\\tdd-react\\src\\reverse\\reverse.js","statementMap":{"0":{"start":{"line":1,"column":16},"end":{"line":10,"column":1}},"1":{"start":{"line":2,"column":4},"end":{"line":3,"column":18}},"2":{"start":{"line":3,"column":8},"end":{"line":3,"column":18}},"3":{"start":{"line":5,"column":19},"end":{"line":5,"column":21}},"4":{"start":{"line":6,"column":4},"end":{"line":7,"column":29}},"5":{"start":{"line":6,"column":17},"end":{"line":6,"column":31}},"6":{"start":{"line":7,"column":8},"end":{"line":7,"column":29}},"7":{"start":{"line":9,"column":4},"end":{"line":9,"column":19}}},"fnMap":{"0":{"name":"(anonymous_0)","decl":{"start":{"line":1,"column":16},"end":{"line":1,"column":17}},"loc":{"start":{"line":1,"column":30},"end":{"line":10,"column":1}},"line":1}},"branchMap":{"0":{"loc":{"start":{"line":1,"column":17},"end":{"line":1,"column":25}},"type":"default-arg","locations":[{"start":{"line":1,"column":23},"end":{"line":1,"column":25}}],"line":1},"1":{"loc":{"start":{"line":2,"column":4},"end":{"line":3,"column":18}},"type":"if","locations":[{"start":{"line":2,"column":4},"end":{"line":3,"column":18}},{"start":{"line":2,"column":4},"end":{"line":3,"column":18}}],"line":2},"2":{"loc":{"start":{"line":2,"column":8},"end":{"line":2,"column":44}},"type":"binary-expr","locations":[{"start":{"line":2,"column":8},"end":{"line":2,"column":24}},{"start":{"line":2,"column":28},"end":{"line":2,"column":44}}],"line":2}},"s":{"0":1,"1":2,"2":1,"3":1,"4":1,"5":1,"6":3,"7":1},"f":{"0":2},"b":{"0":[0],"1":[1,1],"2":[2,2]},"_coverageSchema":"43e27e138ebf9cfc5966b082cf9a028302ed4184","hash":"b4de55eec53d7443afde49ae6ce59a4bdd346dd4"}
}
