TN:
SF:C:\Users\emerson.santana\Documents\React\tdd-react\src\map\map-recursive.js
FN:1,(anonymous_0)
FN:1,(anonymous_1)
FN:2,mapInternal
FNF:3
FNH:3
FNDA:8,(anonymous_0)
FNDA:1,(anonymous_1)
FNDA:21,mapInternal
DA:1,1
DA:2,8
DA:3,21
DA:4,21
LF:4
LH:4
BRDA:1,0,0,1
BRDA:1,1,0,2
BRDA:4,2,0,8
BRDA:4,2,1,13
BRF:4
BRH:4
end_of_record
TN:
SF:C:\Users\emerson.santana\Documents\React\tdd-react\src\map\map.js
FN:1,(anonymous_0)
FNF:1
FNH:1
FNDA:8,(anonymous_0)
DA:2,8
DA:3,1
DA:5,7
DA:6,1
DA:8,6
DA:9,6
DA:10,12
DA:13,6
LF:8
LH:8
BRDA:2,0,0,1
BRDA:2,0,1,7
BRDA:5,1,0,1
BRDA:5,1,1,6
BRF:4
BRH:4
end_of_record
