TN:
SF:C:\Users\emerson.santana\Documents\React\tdd-react\src\every\every-recursive.js
FN:1,(anonymous_0)
FN:2,everyInternal
FNF:2
FNH:2
FNDA:4,(anonymous_0)
FNDA:10,everyInternal
DA:1,1
DA:2,4
DA:3,10
DA:5,10
LF:4
LH:4
BRDA:5,0,0,3
BRDA:5,0,1,7
BRDA:7,1,0,1
BRDA:7,1,1,6
BRF:4
BRH:4
end_of_record
TN:
SF:C:\Users\emerson.santana\Documents\React\tdd-react\src\every\every.js
FN:1,(anonymous_0)
FNF:1
FNH:1
FNDA:6,(anonymous_0)
DA:1,1
DA:2,6
DA:3,10
DA:4,1
DA:6,5
LF:5
LH:5
BRDA:3,0,0,1
BRDA:3,0,1,9
BRF:2
BRH:2
end_of_record
TN:
SF:C:\Users\emerson.santana\Documents\React\tdd-react\src\filter\filter-recursive.js
FN:1,(anonymous_0)
FN:2,filterInternal
FNF:2
FNH:2
FNDA:5,(anonymous_0)
FNDA:26,filterInternal
DA:1,1
DA:2,5
DA:3,26
DA:5,26
LF:4
LH:4
BRDA:5,0,0,5
BRDA:5,0,1,21
BRDA:7,1,0,13
BRDA:7,1,1,8
BRF:4
BRH:4
end_of_record
TN:
SF:C:\Users\emerson.santana\Documents\React\tdd-react\src\filter\filter.js
FN:1,(anonymous_0)
FNF:1
FNH:1
FNDA:5,(anonymous_0)
DA:1,1
DA:2,5
DA:3,5
DA:4,21
DA:5,13
DA:7,5
LF:6
LH:6
BRDA:4,0,0,13
BRDA:4,0,1,8
BRF:2
BRH:2
end_of_record
TN:
SF:C:\Users\emerson.santana\Documents\React\tdd-react\src\find\find-recursive.js
FN:1,(anonymous_0)
FN:3,findInternal
FNF:2
FNH:2
FNDA:5,(anonymous_0)
FNDA:10,findInternal
DA:1,1
DA:3,5
DA:4,10
DA:6,10
LF:4
LH:4
BRDA:6,0,0,1
BRDA:6,0,1,9
BRDA:8,1,0,4
BRDA:8,1,1,5
BRF:4
BRH:4
end_of_record
TN:
SF:C:\Users\emerson.santana\Documents\React\tdd-react\src\find\find.js
FN:1,(anonymous_0)
FNF:1
FNH:1
FNDA:4,(anonymous_0)
DA:1,1
DA:3,4
DA:4,9
DA:5,4
LF:4
LH:4
BRDA:4,0,0,4
BRDA:4,0,1,5
BRF:2
BRH:2
end_of_record
TN:
SF:C:\Users\emerson.santana\Documents\React\tdd-react\src\map\map-recursive.js
FN:1,(anonymous_0)
FN:1,(anonymous_1)
FN:2,mapInternal
FNF:3
FNH:3
FNDA:8,(anonymous_0)
FNDA:1,(anonymous_1)
FNDA:21,mapInternal
DA:1,1
DA:2,8
DA:3,21
DA:4,21
LF:4
LH:4
BRDA:1,0,0,1
BRDA:1,1,0,2
BRDA:4,2,0,8
BRDA:4,2,1,13
BRF:4
BRH:4
end_of_record
TN:
SF:C:\Users\emerson.santana\Documents\React\tdd-react\src\map\map.js
FN:1,(anonymous_0)
FNF:1
FNH:1
FNDA:6,(anonymous_0)
DA:9,6
DA:10,6
DA:11,12
DA:14,6
LF:4
LH:4
BRF:0
BRH:0
end_of_record
TN:
SF:C:\Users\emerson.santana\Documents\React\tdd-react\src\reduce\mainReduce.js
FN:1,(anonymous_0)
FN:3,(anonymous_1)
FN:8,reduceInternal
FNF:3
FNH:3
FNDA:14,(anonymous_0)
FNDA:7,(anonymous_1)
FNDA:24,reduceInternal
DA:1,14
DA:3,2
DA:5,7
DA:6,7
DA:8,7
DA:9,24
DA:11,24
LF:7
LH:7
BRDA:5,0,0,2
BRDA:5,0,1,5
BRDA:6,1,0,2
BRDA:6,1,1,5
BRDA:11,2,0,7
BRDA:11,2,1,17
BRF:6
BRH:6
end_of_record
TN:
SF:C:\Users\emerson.santana\Documents\React\tdd-react\src\reduce\reduce-recursive.js
FNF:0
FNH:0
DA:3,1
LF:1
LH:1
BRF:0
BRH:0
end_of_record
TN:
SF:C:\Users\emerson.santana\Documents\React\tdd-react\src\reduce\reduce.js
FN:1,(anonymous_0)
FNF:1
FNH:1
FNDA:6,(anonymous_0)
DA:1,1
DA:3,6
DA:4,6
DA:6,6
DA:7,2
DA:8,2
DA:11,6
DA:12,14
DA:15,6
LF:9
LH:9
BRDA:6,0,0,2
BRDA:6,0,1,4
BRF:2
BRH:2
end_of_record
TN:
SF:C:\Users\emerson.santana\Documents\React\tdd-react\src\reduceRight\reduceRight.js
FN:4,(anonymous_0)
FNF:1
FNH:1
FNDA:1,(anonymous_0)
DA:4,1
DA:5,1
LF:2
LH:2
BRF:0
BRH:0
end_of_record
TN:
SF:C:\Users\emerson.santana\Documents\React\tdd-react\src\reverse\reverse-recursive.js
FN:1,(anonymous_0)
FNF:1
FNH:1
FNDA:4,(anonymous_0)
DA:1,1
DA:3,4
LF:2
LH:2
BRDA:1,0,0,0
BRDA:3,1,0,1
BRDA:3,1,1,3
BRF:3
BRH:2
end_of_record
TN:
SF:C:\Users\emerson.santana\Documents\React\tdd-react\src\reverse\reverse.js
FN:1,(anonymous_0)
FNF:1
FNH:1
FNDA:6,(anonymous_0)
DA:1,2
DA:2,6
DA:3,4
DA:5,2
DA:6,2
DA:7,6
DA:9,2
LF:7
LH:7
BRDA:1,0,0,1
BRDA:2,1,0,4
BRDA:2,1,1,2
BRDA:2,2,0,6
BRDA:2,2,1,4
BRF:5
BRH:5
end_of_record
TN:
SF:C:\Users\emerson.santana\Documents\React\tdd-react\src\some\some-recursive.js
FN:1,(anonymous_0)
FN:2,someInternal
FNF:2
FNH:2
FNDA:7,(anonymous_0)
FNDA:13,someInternal
DA:1,1
DA:2,7
DA:3,13
DA:4,13
LF:4
LH:4
BRDA:1,0,0,1
BRDA:4,1,0,4
BRDA:4,1,1,9
BRDA:6,2,0,3
BRDA:6,2,1,6
BRF:5
BRH:5
end_of_record
TN:
SF:C:\Users\emerson.santana\Documents\React\tdd-react\src\some\some.js
FN:1,(anonymous_0)
FNF:1
FNH:1
FNDA:7,(anonymous_0)
DA:1,1
DA:2,7
DA:3,2
DA:4,5
DA:5,9
DA:6,3
DA:8,2
LF:7
LH:7
BRDA:1,0,0,1
BRDA:2,1,0,2
BRDA:2,1,1,5
BRDA:5,2,0,3
BRDA:5,2,1,6
BRF:5
BRH:5
end_of_record
